<?xml version="1.0" encoding="UTF-8"?>
<testng-results ignored="8" total="9" passed="0" failed="1" skipped="0">
  <reporter-output>
    <line>
      <![CDATA[####### Starting  Test Case: buildPipelineandValidate #######]]>
    </line>
    <line>
      <![CDATA[Test Execution ID : 28Dec_103911]]>
    </line>
    <line>
      <![CDATA[Getting test data for buildPipelineandValidate]]>
    </line>
    <line>
      <![CDATA[No testdata found for Test Case: buildPipelineandValidate]]>
    </line>
    <line>
      <![CDATA[Open URL:http://122.160.30.218:17280/ClusterDashboard]]>
    </line>
    <line>
      <![CDATA[<img src=D:\BuildPiper3.2_Rahul\Reports\28Dec_103911\buildPipelineandValidate_chrome\buildPipelineandValidate_chrome_362_Dec_103913.jpg alt='Lamp' width='500' height='400'>]]>
    </line>
    <line>
      <![CDATA[Element :[[ChromeDriver: chrome on WINDOWS (48ebf37f4b7638a702fc772d3c2417fe)] -> name: email]is displayed on screen]]>
    </line>
    <line>
      <![CDATA[Setting value on element USER_NAME]]>
    </line>
    <line>
      <![CDATA[<img src=D:\BuildPiper3.2_Rahul\Reports\28Dec_103911\buildPipelineandValidate_chrome\buildPipelineandValidate_chrome_362_Dec_103918.jpg alt='Lamp' width='500' height='400'>]]>
    </line>
    <line>
      <![CDATA[Element :[[ChromeDriver: chrome on WINDOWS (48ebf37f4b7638a702fc772d3c2417fe)] -> name: password]is displayed on screen]]>
    </line>
    <line>
      <![CDATA[Setting value on element PASSWORD]]>
    </line>
    <line>
      <![CDATA[<img src=D:\BuildPiper3.2_Rahul\Reports\28Dec_103911\buildPipelineandValidate_chrome\buildPipelineandValidate_chrome_362_Dec_103918.jpg alt='Lamp' width='500' height='400'>]]>
    </line>
    <line>
      <![CDATA[Element :[[ChromeDriver: chrome on WINDOWS (48ebf37f4b7638a702fc772d3c2417fe)] -> xpath: //button[@type='submit']]is displayed on screen]]>
    </line>
    <line>
      <![CDATA[Clicking on element LOGIN_BTN]]>
    </line>
    <line>
      <![CDATA[<img src=D:\BuildPiper3.2_Rahul\Reports\28Dec_103911\buildPipelineandValidate_chrome\buildPipelineandValidate_chrome_362_Dec_103919.jpg alt='Lamp' width='500' height='400'>]]>
    </line>
    <line>
      <![CDATA[Successful navigation is validated for LoginPage]]>
    </line>
    <line>
      <![CDATA[Element :[[ChromeDriver: chrome on WINDOWS (48ebf37f4b7638a702fc772d3c2417fe)] -> xpath: //div[@aria-controls='simple-menu']//div//div[2]//p]is displayed on screen]]>
    </line>
    <line>
      <![CDATA[Clicking on element userMenuAppBar]]>
    </line>
    <line>
      <![CDATA[<img src=D:\BuildPiper3.2_Rahul\Reports\28Dec_103911\buildPipelineandValidate_chrome\buildPipelineandValidate_chrome_362_Dec_103925.jpg alt='Lamp' width='500' height='400'>]]>
    </line>
    <line>
      <![CDATA[Element :[[ChromeDriver: chrome on WINDOWS (48ebf37f4b7638a702fc772d3c2417fe)] -> xpath: //p[@class='inactive-portal cursor-pointer']]is displayed on screen]]>
    </line>
    <line>
      <![CDATA[Clicking on element switching to user account]]>
    </line>
    <line>
      <![CDATA[<img src=D:\BuildPiper3.2_Rahul\Reports\28Dec_103911\buildPipelineandValidate_chrome\buildPipelineandValidate_chrome_362_Dec_103925.jpg alt='Lamp' width='500' height='400'>]]>
    </line>
    <line>
      <![CDATA[Element :[[ChromeDriver: chrome on WINDOWS (48ebf37f4b7638a702fc772d3c2417fe)] -> xpath: //li//button[contains(@class,'app-cluster-button')]//span[@title]]is displayed on screen]]>
    </line>
    <line>
      <![CDATA[Element is present :[[ChromeDriver: chrome on WINDOWS (48ebf37f4b7638a702fc772d3c2417fe)] -> xpath: //li//button[contains(@class,'app-cluster-button')]//span[@title]]]]>
    </line>
    <line>
      <![CDATA[<img src=D:\BuildPiper3.2_Rahul\Reports\28Dec_103911\buildPipelineandValidate_chrome\buildPipelineandValidate_chrome_362_Dec_103930.jpg alt='Lamp' width='500' height='400'>]]>
    </line>
    <line>
      <![CDATA[Element :[[ChromeDriver: chrome on WINDOWS (48ebf37f4b7638a702fc772d3c2417fe)] -> xpath: //button//div//span[@class='flaticon-expand-arrow']/../../..//div//button//p[text()='Pipeline Overview']]is displayed on screen]]>
    </line>
    <line>
      <![CDATA[Clicking on element Poc_QA pipelineOverviewLink]]>
    </line>
    <line>
      <![CDATA[<img src=D:\BuildPiper3.2_Rahul\Reports\28Dec_103911\buildPipelineandValidate_chrome\buildPipelineandValidate_chrome_362_Dec_103931.jpg alt='Lamp' width='500' height='400'>]]>
    </line>
    <line>
      <![CDATA[Element :[[ChromeDriver: chrome on WINDOWS (48ebf37f4b7638a702fc772d3c2417fe)] -> xpath: //a[contains(text(),'Add Pipeline')]]is displayed on screen]]>
    </line>
    <line>
      <![CDATA[ Element :Proxy element for: DefaultElementLocator 'By.xpath: //a[contains(text(),'Add Pipeline')]' is not clickable using selenium click]]>
    </line>
    <line>
      <![CDATA[<img src=D:\BuildPiper3.2_Rahul\Reports\28Dec_103911\buildPipelineandValidate_chrome\buildPipelineandValidate_chrome_362_Dec_103932.jpg alt='Lamp' width='500' height='400'>]]>
    </line>
    <line>
      <![CDATA[Clicking on element clicks on add pipeline button]]>
    </line>
    <line>
      <![CDATA[<img src=D:\BuildPiper3.2_Rahul\Reports\28Dec_103911\buildPipelineandValidate_chrome\buildPipelineandValidate_chrome_362_Dec_103932.jpg alt='Lamp' width='500' height='400'>]]>
    </line>
    <line>
      <![CDATA[Element :[[ChromeDriver: chrome on WINDOWS (48ebf37f4b7638a702fc772d3c2417fe)] -> xpath: //div//input[@name='name' and @placeholder='Give a name to the pipeline']]is displayed on screen]]>
    </line>
    <line>
      <![CDATA[Setting value on element Gives unique name to pipeline]]>
    </line>
    <line>
      <![CDATA[<img src=D:\BuildPiper3.2_Rahul\Reports\28Dec_103911\buildPipelineandValidate_chrome\buildPipelineandValidate_chrome_362_Dec_103934.jpg alt='Lamp' width='500' height='400'>]]>
    </line>
    <line>
      <![CDATA[Element :[[ChromeDriver: chrome on WINDOWS (48ebf37f4b7638a702fc772d3c2417fe)] -> xpath: //input[@name='retention_execution_count' and @placeholder='Retention Count']]is displayed on screen]]>
    </line>
    <line>
      <![CDATA[Element :[[ChromeDriver: chrome on WINDOWS (48ebf37f4b7638a702fc772d3c2417fe)] -> xpath: //button[contains(@class,'btn-save btn')][text()='Save']]is displayed on screen]]>
    </line>
    <line>
      <![CDATA[ Element :Proxy element for: DefaultElementLocator 'By.xpath: //button[contains(@class,'btn-save btn')][text()='Save']' is not clickable using selenium click]]>
    </line>
    <line>
      <![CDATA[<img src=D:\BuildPiper3.2_Rahul\Reports\28Dec_103911\buildPipelineandValidate_chrome\buildPipelineandValidate_chrome_362_Dec_103943.jpg alt='Lamp' width='500' height='400'>]]>
    </line>
    <line>
      <![CDATA[Clicking on element clicks on save pipeline button]]>
    </line>
    <line>
      <![CDATA[<img src=D:\BuildPiper3.2_Rahul\Reports\28Dec_103911\buildPipelineandValidate_chrome\buildPipelineandValidate_chrome_362_Dec_103943.jpg alt='Lamp' width='500' height='400'>]]>
    </line>
    <line>
      <![CDATA[Element :[[ChromeDriver: chrome on WINDOWS (48ebf37f4b7638a702fc772d3c2417fe)] -> xpath: //button//div//span[@class='flaticon-expand-arrow']/../../..//div//button//p[text()='Pipeline Overview']]is displayed on screen]]>
    </line>
    <line>
      <![CDATA[Clicking on element Poc_QA pipelineOverviewLink]]>
    </line>
    <line>
      <![CDATA[<img src=D:\BuildPiper3.2_Rahul\Reports\28Dec_103911\buildPipelineandValidate_chrome\buildPipelineandValidate_chrome_362_Dec_103948.jpg alt='Lamp' width='500' height='400'>]]>
    </line>
    <line>
      <![CDATA[Element :[[ChromeDriver: chrome on WINDOWS (48ebf37f4b7638a702fc772d3c2417fe)] -> xpath: (//*[contains(@class,'ad-more-search mb-')]/div/div//*[@class='MuiSvgIcon-root'])[1]]is displayed on screen]]>
    </line>
    <line>
      <![CDATA[Element is present :[[ChromeDriver: chrome on WINDOWS (48ebf37f4b7638a702fc772d3c2417fe)] -> xpath: (//*[contains(@class,'ad-more-search mb-')]/div/div//*[@class='MuiSvgIcon-root'])[1]]]]>
    </line>
    <line>
      <![CDATA[<img src=D:\BuildPiper3.2_Rahul\Reports\28Dec_103911\buildPipelineandValidate_chrome\buildPipelineandValidate_chrome_362_Dec_103952.jpg alt='Lamp' width='500' height='400'>]]>
    </line>
    <line>
      <![CDATA[Element :[[ChromeDriver: chrome on WINDOWS (48ebf37f4b7638a702fc772d3c2417fe)] -> xpath: (//*[contains(@class,'ad-more-search mb-')]/div/div//*[@class='MuiSvgIcon-root'])[1]]is displayed on screen]]>
    </line>
    <line>
      <![CDATA[Clicking on element searchDropDown]]>
    </line>
    <line>
      <![CDATA[<img src=D:\BuildPiper3.2_Rahul\Reports\28Dec_103911\buildPipelineandValidate_chrome\buildPipelineandValidate_chrome_362_Dec_103953.jpg alt='Lamp' width='500' height='400'>]]>
    </line>
    <line>
      <![CDATA[Element :[[ChromeDriver: chrome on WINDOWS (48ebf37f4b7638a702fc772d3c2417fe)] -> xpath: //input[@class='search-input-si']]is displayed on screen]]>
    </line>
    <line>
      <![CDATA[Clicking on element searchPipelineCheckbox]]>
    </line>
    <line>
      <![CDATA[<img src=D:\BuildPiper3.2_Rahul\Reports\28Dec_103911\buildPipelineandValidate_chrome\buildPipelineandValidate_chrome_362_Dec_104023.jpg alt='Lamp' width='500' height='400'>]]>
    </line>
    <line>
      <![CDATA[Element :[[ChromeDriver: chrome on WINDOWS (48ebf37f4b7638a702fc772d3c2417fe)] -> xpath: //span[@title='Edit Pipeline']/a]is displayed on screen]]>
    </line>
    <line>
      <![CDATA[Clicking on element clicks on edit pipeline Link]]>
    </line>
    <line>
      <![CDATA[<img src=D:\BuildPiper3.2_Rahul\Reports\28Dec_103911\buildPipelineandValidate_chrome\buildPipelineandValidate_chrome_362_Dec_104034.jpg alt='Lamp' width='500' height='400'>]]>
    </line>
    <line>
      <![CDATA[Element :[[ChromeDriver: chrome on WINDOWS (48ebf37f4b7638a702fc772d3c2417fe)] -> xpath: //button//div[@class='text-btn'][text()='Add New Stage']]is displayed on screen]]>
    </line>
    <line>
      <![CDATA[Clicking on element adds first stage]]>
    </line>
    <line>
      <![CDATA[<img src=D:\BuildPiper3.2_Rahul\Reports\28Dec_103911\buildPipelineandValidate_chrome\buildPipelineandValidate_chrome_362_Dec_104038.jpg alt='Lamp' width='500' height='400'>]]>
    </line>
    <line>
      <![CDATA[Element :[[ChromeDriver: chrome on WINDOWS (48ebf37f4b7638a702fc772d3c2417fe)] -> xpath: //input[@name='name' and @placeholder='Stage name goes here']]is displayed on screen]]>
    </line>
    <line>
      <![CDATA[Element is present :[[ChromeDriver: chrome on WINDOWS (48ebf37f4b7638a702fc772d3c2417fe)] -> xpath: //input[@name='name' and @placeholder='Stage name goes here']]]]>
    </line>
    <line>
      <![CDATA[<img src=D:\BuildPiper3.2_Rahul\Reports\28Dec_103911\buildPipelineandValidate_chrome\buildPipelineandValidate_chrome_362_Dec_104039.jpg alt='Lamp' width='500' height='400'>]]>
    </line>
    <line>
      <![CDATA[Element :[[ChromeDriver: chrome on WINDOWS (48ebf37f4b7638a702fc772d3c2417fe)] -> xpath: //input[@name='name' and @placeholder='Stage name goes here']]is displayed on screen]]>
    </line>
    <line>
      <![CDATA[Setting value on element sets first stage name]]>
    </line>
    <line>
      <![CDATA[<img src=D:\BuildPiper3.2_Rahul\Reports\28Dec_103911\buildPipelineandValidate_chrome\buildPipelineandValidate_chrome_362_Dec_104039.jpg alt='Lamp' width='500' height='400'>]]>
    </line>
    <line>
      <![CDATA[Element :[[ChromeDriver: chrome on WINDOWS (48ebf37f4b7638a702fc772d3c2417fe)] -> xpath: //div[@class='btn btn-add'][text()='ADD']]is displayed on screen]]>
    </line>
    <line>
      <![CDATA[Clicking on element adds button for first stage]]>
    </line>
    <line>
      <![CDATA[<img src=D:\BuildPiper3.2_Rahul\Reports\28Dec_103911\buildPipelineandValidate_chrome\buildPipelineandValidate_chrome_362_Dec_104044.jpg alt='Lamp' width='500' height='400'>]]>
    </line>
    <line>
      <![CDATA[Element :[[ChromeDriver: chrome on WINDOWS (48ebf37f4b7638a702fc772d3c2417fe)] -> xpath: //div[@class='text-btn'][text()='Add New Job ']]is displayed on screen]]>
    </line>
    <line>
      <![CDATA[Element is present :[[ChromeDriver: chrome on WINDOWS (48ebf37f4b7638a702fc772d3c2417fe)] -> xpath: //div[@class='text-btn'][text()='Add New Job ']]]]>
    </line>
    <line>
      <![CDATA[<img src=D:\BuildPiper3.2_Rahul\Reports\28Dec_103911\buildPipelineandValidate_chrome\buildPipelineandValidate_chrome_362_Dec_104045.jpg alt='Lamp' width='500' height='400'>]]>
    </line>
    <line>
      <![CDATA[Element :[[ChromeDriver: chrome on WINDOWS (48ebf37f4b7638a702fc772d3c2417fe)] -> xpath: //div[@class='text-btn'][text()='Add New Job ']]is displayed on screen]]>
    </line>
    <line>
      <![CDATA[Element is present :[[ChromeDriver: chrome on WINDOWS (48ebf37f4b7638a702fc772d3c2417fe)] -> xpath: //div[@class='text-btn'][text()='Add New Job ']]]]>
    </line>
    <line>
      <![CDATA[<img src=D:\BuildPiper3.2_Rahul\Reports\28Dec_103911\buildPipelineandValidate_chrome\buildPipelineandValidate_chrome_362_Dec_104045.jpg alt='Lamp' width='500' height='400'>]]>
    </line>
    <line>
      <![CDATA[Element :[[ChromeDriver: chrome on WINDOWS (48ebf37f4b7638a702fc772d3c2417fe)] -> xpath: //div[@class='text-btn'][text()='Add New Job ']]is displayed on screen]]>
    </line>
    <line>
      <![CDATA[Clicking on element clicks on new job]]>
    </line>
    <line>
      <![CDATA[<img src=D:\BuildPiper3.2_Rahul\Reports\28Dec_103911\buildPipelineandValidate_chrome\buildPipelineandValidate_chrome_362_Dec_104045.jpg alt='Lamp' width='500' height='400'>]]>
    </line>
    <line>
      <![CDATA[Element :[[ChromeDriver: chrome on WINDOWS (48ebf37f4b7638a702fc772d3c2417fe)] -> xpath: //select[@name='task_type' and @class='select']]is displayed on screen]]>
    </line>
    <line>
      <![CDATA[Element is present :[[ChromeDriver: chrome on WINDOWS (48ebf37f4b7638a702fc772d3c2417fe)] -> xpath: //select[@name='task_type' and @class='select']]]]>
    </line>
    <line>
      <![CDATA[<img src=D:\BuildPiper3.2_Rahul\Reports\28Dec_103911\buildPipelineandValidate_chrome\buildPipelineandValidate_chrome_362_Dec_104045.jpg alt='Lamp' width='500' height='400'>]]>
    </line>
    <line>
      <![CDATA[Element :[[ChromeDriver: chrome on WINDOWS (48ebf37f4b7638a702fc772d3c2417fe)] -> xpath: //span[text()='automation-682046mu117xjpt']]is displayed on screen]]>
    </line>
    <line>
      <![CDATA[Element is present :[[ChromeDriver: chrome on WINDOWS (48ebf37f4b7638a702fc772d3c2417fe)] -> xpath: //span[text()='automation-682046mu117xjpt']]]]>
    </line>
    <line>
      <![CDATA[<img src=D:\BuildPiper3.2_Rahul\Reports\28Dec_103911\buildPipelineandValidate_chrome\buildPipelineandValidate_chrome_362_Dec_104047.jpg alt='Lamp' width='500' height='400'>]]>
    </line>
    <line>
      <![CDATA[Element :[[ChromeDriver: chrome on WINDOWS (48ebf37f4b7638a702fc772d3c2417fe)] -> xpath: //span[text()='automation-682046mu117xjpt']]is displayed on screen]]>
    </line>
    <line>
      <![CDATA[Clicking on element selects service component under the env]]>
    </line>
    <line>
      <![CDATA[<img src=D:\BuildPiper3.2_Rahul\Reports\28Dec_103911\buildPipelineandValidate_chrome\buildPipelineandValidate_chrome_362_Dec_104047.jpg alt='Lamp' width='500' height='400'>]]>
    </line>
    <line>
      <![CDATA[Element :[[ChromeDriver: chrome on WINDOWS (48ebf37f4b7638a702fc772d3c2417fe)] -> xpath: //input[@name='open']/following-sibling::span[2]]is displayed on screen]]>
    </line>
    <line>
      <![CDATA[Clicking on element conditionalRule]]>
    </line>
    <line>
      <![CDATA[<img src=D:\BuildPiper3.2_Rahul\Reports\28Dec_103911\buildPipelineandValidate_chrome\buildPipelineandValidate_chrome_362_Dec_104047.jpg alt='Lamp' width='500' height='400'>]]>
    </line>
    <line>
      <![CDATA[Element :[[ChromeDriver: chrome on WINDOWS (48ebf37f4b7638a702fc772d3c2417fe)] -> xpath: //span[text()='Add Conditions']]is displayed on screen]]>
    </line>
    <line>
      <![CDATA[Clicking on element addConditionButton]]>
    </line>
    <line>
      <![CDATA[<img src=D:\BuildPiper3.2_Rahul\Reports\28Dec_103911\buildPipelineandValidate_chrome\buildPipelineandValidate_chrome_362_Dec_104048.jpg alt='Lamp' width='500' height='400'>]]>
    </line>
    <line>
      <![CDATA[Element :[[ChromeDriver: chrome on WINDOWS (48ebf37f4b7638a702fc772d3c2417fe)] -> xpath: //div[@class='btn btn-add'][text()='ADD']]is displayed on screen]]>
    </line>
    <line>
      <![CDATA[Clicking on element clicks add stage btn]]>
    </line>
    <line>
      <![CDATA[<img src=D:\BuildPiper3.2_Rahul\Reports\28Dec_103911\buildPipelineandValidate_chrome\buildPipelineandValidate_chrome_362_Dec_104048.jpg alt='Lamp' width='500' height='400'>]]>
    </line>
    <line>
      <![CDATA[Element :[[ChromeDriver: chrome on WINDOWS (48ebf37f4b7638a702fc772d3c2417fe)] -> xpath: //button[contains(@class,'btn-save')]]is displayed on screen]]>
    </line>
    <line>
      <![CDATA[Element is present :[[ChromeDriver: chrome on WINDOWS (48ebf37f4b7638a702fc772d3c2417fe)] -> xpath: //button[contains(@class,'btn-save')]]]]>
    </line>
    <line>
      <![CDATA[<img src=D:\BuildPiper3.2_Rahul\Reports\28Dec_103911\buildPipelineandValidate_chrome\buildPipelineandValidate_chrome_362_Dec_104051.jpg alt='Lamp' width='500' height='400'>]]>
    </line>
    <line>
      <![CDATA[Element :[[ChromeDriver: chrome on WINDOWS (48ebf37f4b7638a702fc772d3c2417fe)] -> xpath: //button[contains(@class,'btn-save')]]is displayed on screen]]>
    </line>
    <line>
      <![CDATA[Clicking on element clicks save workflow btn]]>
    </line>
    <line>
      <![CDATA[<img src=D:\BuildPiper3.2_Rahul\Reports\28Dec_103911\buildPipelineandValidate_chrome\buildPipelineandValidate_chrome_362_Dec_104052.jpg alt='Lamp' width='500' height='400'>]]>
    </line>
    <line>
      <![CDATA[Element :[[ChromeDriver: chrome on WINDOWS (48ebf37f4b7638a702fc772d3c2417fe)] -> xpath: //button//div//span[@class='flaticon-expand-arrow']/../../..//div//button//p[text()='Pipeline Overview']]is displayed on screen]]>
    </line>
    <line>
      <![CDATA[Clicking on element Poc_QA pipelineOverviewLink]]>
    </line>
    <line>
      <![CDATA[<img src=D:\BuildPiper3.2_Rahul\Reports\28Dec_103911\buildPipelineandValidate_chrome\buildPipelineandValidate_chrome_362_Dec_104102.jpg alt='Lamp' width='500' height='400'>]]>
    </line>
    <line>
      <![CDATA[Element :[[ChromeDriver: chrome on WINDOWS (48ebf37f4b7638a702fc772d3c2417fe)] -> xpath: (//*[contains(@class,'ad-more-search mb-')]/div/div//*[@class='MuiSvgIcon-root'])[1]]is displayed on screen]]>
    </line>
    <line>
      <![CDATA[Element is present :[[ChromeDriver: chrome on WINDOWS (48ebf37f4b7638a702fc772d3c2417fe)] -> xpath: (//*[contains(@class,'ad-more-search mb-')]/div/div//*[@class='MuiSvgIcon-root'])[1]]]]>
    </line>
    <line>
      <![CDATA[<img src=D:\BuildPiper3.2_Rahul\Reports\28Dec_103911\buildPipelineandValidate_chrome\buildPipelineandValidate_chrome_362_Dec_104105.jpg alt='Lamp' width='500' height='400'>]]>
    </line>
    <line>
      <![CDATA[Element :[[ChromeDriver: chrome on WINDOWS (48ebf37f4b7638a702fc772d3c2417fe)] -> xpath: (//*[contains(@class,'ad-more-search mb-')]/div/div//*[@class='MuiSvgIcon-root'])[1]]is displayed on screen]]>
    </line>
    <line>
      <![CDATA[Clicking on element searchDropDown]]>
    </line>
    <line>
      <![CDATA[<img src=D:\BuildPiper3.2_Rahul\Reports\28Dec_103911\buildPipelineandValidate_chrome\buildPipelineandValidate_chrome_362_Dec_104105.jpg alt='Lamp' width='500' height='400'>]]>
    </line>
    <line>
      <![CDATA[Element :[[ChromeDriver: chrome on WINDOWS (48ebf37f4b7638a702fc772d3c2417fe)] -> xpath: //input[@class='search-input-si']]is displayed on screen]]>
    </line>
    <line>
      <![CDATA[Clicking on element searchPipelineCheckbox]]>
    </line>
    <line>
      <![CDATA[<img src=D:\BuildPiper3.2_Rahul\Reports\28Dec_103911\buildPipelineandValidate_chrome\buildPipelineandValidate_chrome_362_Dec_104136.jpg alt='Lamp' width='500' height='400'>]]>
    </line>
    <line>
      <![CDATA[Element :[[ChromeDriver: chrome on WINDOWS (48ebf37f4b7638a702fc772d3c2417fe)] -> xpath: //span[@title='Run Pipeline']/button]is displayed on screen]]>
    </line>
    <line>
      <![CDATA[Element is present :[[ChromeDriver: chrome on WINDOWS (48ebf37f4b7638a702fc772d3c2417fe)] -> xpath: //span[@title='Run Pipeline']/button]]]>
    </line>
    <line>
      <![CDATA[<img src=D:\BuildPiper3.2_Rahul\Reports\28Dec_103911\buildPipelineandValidate_chrome\buildPipelineandValidate_chrome_362_Dec_104152.jpg alt='Lamp' width='500' height='400'>]]>
    </line>
    <line>
      <![CDATA[Element :[[ChromeDriver: chrome on WINDOWS (48ebf37f4b7638a702fc772d3c2417fe)] -> xpath: //span[@title='Run Pipeline']/button]is displayed on screen]]>
    </line>
    <line>
      <![CDATA[Clicking on element pipeline execution Start]]>
    </line>
    <line>
      <![CDATA[<img src=D:\BuildPiper3.2_Rahul\Reports\28Dec_103911\buildPipelineandValidate_chrome\buildPipelineandValidate_chrome_362_Dec_104152.jpg alt='Lamp' width='500' height='400'>]]>
    </line>
    <line>
      <![CDATA[Element :[[ChromeDriver: chrome on WINDOWS (48ebf37f4b7638a702fc772d3c2417fe)] -> xpath: //a[contains(text(),'BasicPipeline')]]is displayed on screen]]>
    </line>
    <line>
      <![CDATA[Element is present :[[ChromeDriver: chrome on WINDOWS (48ebf37f4b7638a702fc772d3c2417fe)] -> xpath: //a[contains(text(),'BasicPipeline')]]]]>
    </line>
    <line>
      <![CDATA[<img src=D:\BuildPiper3.2_Rahul\Reports\28Dec_103911\buildPipelineandValidate_chrome\buildPipelineandValidate_chrome_362_Dec_104154.jpg alt='Lamp' width='500' height='400'>]]>
    </line>
    <line>
      <![CDATA[Element :[[ChromeDriver: chrome on WINDOWS (48ebf37f4b7638a702fc772d3c2417fe)] -> xpath: //a[contains(text(),'BasicPipeline')]]is displayed on screen]]>
    </line>
    <line>
      <![CDATA[Clicking on element clicks pipeline hyperlink]]>
    </line>
    <line>
      <![CDATA[<img src=D:\BuildPiper3.2_Rahul\Reports\28Dec_103911\buildPipelineandValidate_chrome\buildPipelineandValidate_chrome_362_Dec_104155.jpg alt='Lamp' width='500' height='400'>]]>
    </line>
    <line>
      <![CDATA[Result upload to testlink is disabled, Please ensure you have 'UpdateTestLink=Yes' in project.properties ]]>
    </line>
    <line>
      <![CDATA[####### End of Test Case: buildPipelineandValidate #######]]>
    </line>
  </reporter-output>
  <suite started-at="2023-12-28T10:39:10 IST" name="Default suite" finished-at="2023-12-28T10:41:57 IST" duration-ms="167275">
    <groups>
      <group name="Regression">
        <method signature="BuildPiperTestcasesExecution.buildPipelineandValidate()[pri:1, instance:com.buildpiper.testcases.BuildPiperTestcasesExecution@1f6c9cd8]" name="buildPipelineandValidate" class="com.buildpiper.testcases.BuildPiperTestcasesExecution"/>
      </group> <!-- Regression -->
    </groups>
    <test started-at="2023-12-28T10:39:10 IST" name="Default test" finished-at="2023-12-28T10:41:57 IST" duration-ms="167275">
      <class name="com.buildpiper.testcases.BuildPiperTestcasesExecution">
        <test-method is-config="true" signature="setUp(org.testng.ITestContext)[pri:0, instance:com.buildpiper.testcases.BuildPiperTestcasesExecution@1f6c9cd8]" started-at="2023-12-28T10:39:10 IST" name="setUp" finished-at="2023-12-28T10:39:10 IST" duration-ms="11" status="PASS">
          <params>
            <param index="0">
              <value>
                <![CDATA[org.testng.TestRunner@4b475742]]>
              </value>
            </param>
          </params>
          <reporter-output>
          </reporter-output>
        </test-method> <!-- setUp -->
        <test-method is-config="true" signature="Reportsetup()[pri:0, instance:com.buildpiper.testcases.BuildPiperTestcasesExecution@1f6c9cd8]" started-at="2023-12-28T10:39:10 IST" name="Reportsetup" finished-at="2023-12-28T10:39:10 IST" duration-ms="2" status="PASS">
          <reporter-output>
          </reporter-output>
        </test-method> <!-- Reportsetup -->
        <test-method is-config="true" signature="testName(org.testng.ITestContext, java.lang.reflect.Method)[pri:0, instance:com.buildpiper.testcases.BuildPiperTestcasesExecution@1f6c9cd8]" started-at="2023-12-28T10:39:10 IST" name="testName" finished-at="2023-12-28T10:39:11 IST" duration-ms="599" status="PASS">
          <params>
            <param index="0">
              <value>
                <![CDATA[org.testng.TestRunner@4b475742]]>
              </value>
            </param>
            <param index="1">
              <value>
                <![CDATA[public void com.buildpiper.testcases.BuildPiperTestcasesExecution.buildPipelineandValidate()]]>
              </value>
            </param>
          </params>
          <reporter-output>
            <line>
              <![CDATA[####### Starting  Test Case: buildPipelineandValidate #######]]>
            </line>
            <line>
              <![CDATA[Test Execution ID : 28Dec_103911]]>
            </line>
            <line>
              <![CDATA[Getting test data for buildPipelineandValidate]]>
            </line>
            <line>
              <![CDATA[No testdata found for Test Case: buildPipelineandValidate]]>
            </line>
          </reporter-output>
        </test-method> <!-- testName -->
        <test-method is-config="true" signature="StartDriver()[pri:0, instance:com.buildpiper.testcases.BuildPiperTestcasesExecution@1f6c9cd8]" started-at="2023-12-28T10:39:11 IST" name="StartDriver" finished-at="2023-12-28T10:39:24 IST" duration-ms="13514" status="PASS">
          <reporter-output>
            <line>
              <![CDATA[Open URL:http://122.160.30.218:17280/ClusterDashboard]]>
            </line>
            <line>
              <![CDATA[<img src=D:\BuildPiper3.2_Rahul\Reports\28Dec_103911\buildPipelineandValidate_chrome\buildPipelineandValidate_chrome_362_Dec_103913.jpg alt='Lamp' width='500' height='400'>]]>
            </line>
            <line>
              <![CDATA[Element :[[ChromeDriver: chrome on WINDOWS (48ebf37f4b7638a702fc772d3c2417fe)] -> name: email]is displayed on screen]]>
            </line>
            <line>
              <![CDATA[Setting value on element USER_NAME]]>
            </line>
            <line>
              <![CDATA[<img src=D:\BuildPiper3.2_Rahul\Reports\28Dec_103911\buildPipelineandValidate_chrome\buildPipelineandValidate_chrome_362_Dec_103918.jpg alt='Lamp' width='500' height='400'>]]>
            </line>
            <line>
              <![CDATA[Element :[[ChromeDriver: chrome on WINDOWS (48ebf37f4b7638a702fc772d3c2417fe)] -> name: password]is displayed on screen]]>
            </line>
            <line>
              <![CDATA[Setting value on element PASSWORD]]>
            </line>
            <line>
              <![CDATA[<img src=D:\BuildPiper3.2_Rahul\Reports\28Dec_103911\buildPipelineandValidate_chrome\buildPipelineandValidate_chrome_362_Dec_103918.jpg alt='Lamp' width='500' height='400'>]]>
            </line>
            <line>
              <![CDATA[Element :[[ChromeDriver: chrome on WINDOWS (48ebf37f4b7638a702fc772d3c2417fe)] -> xpath: //button[@type='submit']]is displayed on screen]]>
            </line>
            <line>
              <![CDATA[Clicking on element LOGIN_BTN]]>
            </line>
            <line>
              <![CDATA[<img src=D:\BuildPiper3.2_Rahul\Reports\28Dec_103911\buildPipelineandValidate_chrome\buildPipelineandValidate_chrome_362_Dec_103919.jpg alt='Lamp' width='500' height='400'>]]>
            </line>
            <line>
              <![CDATA[Successful navigation is validated for LoginPage]]>
            </line>
          </reporter-output>
        </test-method> <!-- StartDriver -->
        <test-method signature="buildPipelineandValidate()[pri:1, instance:com.buildpiper.testcases.BuildPiperTestcasesExecution@1f6c9cd8]" started-at="2023-12-28T10:39:24 IST" name="buildPipelineandValidate" finished-at="2023-12-28T10:41:57 IST" duration-ms="152498" status="FAIL">
          <exception class="org.openqa.selenium.NoSuchElementException">
            <message>
              <![CDATA[no such element: Unable to locate element: {"method":"xpath","selector":"//div[@class='tag-under-card']"}
  (Session info: chrome=120.0.6099.130)
For documentation on this error, please visit: https://www.seleniumhq.org/exceptions/no_such_element.html
Build info: version: '3.141.59', revision: 'e82be7d358', time: '2018-11-14T08:17:03'
System info: host: 'DESKTOP-PTF1H2O', ip: '192.168.1.9', os.name: 'Windows 10', os.arch: 'amd64', os.version: '10.0', java.version: '19.0.1'
Driver info: org.openqa.selenium.chrome.ChromeDriver
Capabilities {acceptInsecureCerts: false, browserName: chrome, browserVersion: 120.0.6099.130, chrome: {chromedriverVersion: 120.0.6099.109 (3419140ab66..., userDataDir: C:\Users\Rahul\AppData\Loca...}, fedcm:accounts: true, goog:chromeOptions: {debuggerAddress: localhost:53312}, javascriptEnabled: true, networkConnectionEnabled: false, pageLoadStrategy: normal, platform: WINDOWS, platformName: WINDOWS, proxy: Proxy(), setWindowRect: true, strictFileInteractability: false, timeouts: {implicit: 0, pageLoad: 300000, script: 30000}, unhandledPromptBehavior: dismiss and notify, webauthn:extension:credBlob: true, webauthn:extension:largeBlob: true, webauthn:extension:minPinLength: true, webauthn:extension:prf: true, webauthn:virtualAuthenticators: true}
Session ID: 48ebf37f4b7638a702fc772d3c2417fe
*** Element info: {Using=xpath, value=//div[@class='tag-under-card']}]]>
            </message>
            <full-stacktrace>
              <![CDATA[org.openqa.selenium.NoSuchElementException: no such element: Unable to locate element: {"method":"xpath","selector":"//div[@class='tag-under-card']"}
  (Session info: chrome=120.0.6099.130)
For documentation on this error, please visit: https://www.seleniumhq.org/exceptions/no_such_element.html
Build info: version: '3.141.59', revision: 'e82be7d358', time: '2018-11-14T08:17:03'
System info: host: 'DESKTOP-PTF1H2O', ip: '192.168.1.9', os.name: 'Windows 10', os.arch: 'amd64', os.version: '10.0', java.version: '19.0.1'
Driver info: org.openqa.selenium.chrome.ChromeDriver
Capabilities {acceptInsecureCerts: false, browserName: chrome, browserVersion: 120.0.6099.130, chrome: {chromedriverVersion: 120.0.6099.109 (3419140ab66..., userDataDir: C:\Users\Rahul\AppData\Loca...}, fedcm:accounts: true, goog:chromeOptions: {debuggerAddress: localhost:53312}, javascriptEnabled: true, networkConnectionEnabled: false, pageLoadStrategy: normal, platform: WINDOWS, platformName: WINDOWS, proxy: Proxy(), setWindowRect: true, strictFileInteractability: false, timeouts: {implicit: 0, pageLoad: 300000, script: 30000}, unhandledPromptBehavior: dismiss and notify, webauthn:extension:credBlob: true, webauthn:extension:largeBlob: true, webauthn:extension:minPinLength: true, webauthn:extension:prf: true, webauthn:virtualAuthenticators: true}
Session ID: 48ebf37f4b7638a702fc772d3c2417fe
*** Element info: {Using=xpath, value=//div[@class='tag-under-card']}
at java.base/jdk.internal.reflect.DirectConstructorHandleAccessor.newInstance(DirectConstructorHandleAccessor.java:67)
at java.base/java.lang.reflect.Constructor.newInstanceWithCaller(Constructor.java:500)
at java.base/java.lang.reflect.Constructor.newInstance(Constructor.java:484)
at org.openqa.selenium.remote.http.W3CHttpResponseCodec.createException(W3CHttpResponseCodec.java:187)
at org.openqa.selenium.remote.http.W3CHttpResponseCodec.decode(W3CHttpResponseCodec.java:122)
at org.openqa.selenium.remote.http.W3CHttpResponseCodec.decode(W3CHttpResponseCodec.java:49)
at org.openqa.selenium.remote.HttpCommandExecutor.execute(HttpCommandExecutor.java:158)
at org.openqa.selenium.remote.service.DriverCommandExecutor.execute(DriverCommandExecutor.java:83)
at org.openqa.selenium.remote.RemoteWebDriver.execute(RemoteWebDriver.java:552)
at org.openqa.selenium.remote.RemoteWebDriver.findElement(RemoteWebDriver.java:323)
at org.openqa.selenium.remote.RemoteWebDriver.findElementByXPath(RemoteWebDriver.java:428)
at org.openqa.selenium.By$ByXPath.findElement(By.java:353)
at org.openqa.selenium.remote.RemoteWebDriver.findElement(RemoteWebDriver.java:315)
at org.openqa.selenium.support.pagefactory.DefaultElementLocator.findElement(DefaultElementLocator.java:69)
at org.openqa.selenium.support.pagefactory.internal.LocatingElementHandler.invoke(LocatingElementHandler.java:38)
at jdk.proxy2/jdk.proxy2.$Proxy26.getText(Unknown Source)
at com.buildpiper.pages.BuildPipeLinePage.createBuildandDeployPipeline(BuildPipeLinePage.java:1175)
at com.buildpiper.testcases.BuildPiperTestcasesExecution.buildPipelineandValidate(BuildPiperTestcasesExecution.java:215)
at java.base/jdk.internal.reflect.DirectMethodHandleAccessor.invoke(DirectMethodHandleAccessor.java:104)
at java.base/java.lang.reflect.Method.invoke(Method.java:578)
at org.testng.internal.MethodInvocationHelper.invokeMethod(MethodInvocationHelper.java:134)
at org.testng.internal.TestInvoker.invokeMethod(TestInvoker.java:597)
at org.testng.internal.TestInvoker.invokeTestMethod(TestInvoker.java:173)
at org.testng.internal.MethodRunner.runInSequence(MethodRunner.java:46)
at org.testng.internal.TestInvoker$MethodInvocationAgent.invoke(TestInvoker.java:816)
at org.testng.internal.TestInvoker.invokeTestMethods(TestInvoker.java:146)
at org.testng.internal.TestMethodWorker.invokeTestMethods(TestMethodWorker.java:146)
at org.testng.internal.TestMethodWorker.run(TestMethodWorker.java:128)
at java.base/java.util.ArrayList.forEach(ArrayList.java:1511)
at org.testng.TestRunner.privateRun(TestRunner.java:766)
at org.testng.TestRunner.run(TestRunner.java:587)
at org.testng.SuiteRunner.runTest(SuiteRunner.java:384)
at org.testng.SuiteRunner.runSequentially(SuiteRunner.java:378)
at org.testng.SuiteRunner.privateRun(SuiteRunner.java:337)
at org.testng.SuiteRunner.run(SuiteRunner.java:286)
at org.testng.SuiteRunnerWorker.runSuite(SuiteRunnerWorker.java:53)
at org.testng.SuiteRunnerWorker.run(SuiteRunnerWorker.java:96)
at org.testng.TestNG.runSuitesSequentially(TestNG.java:1187)
at org.testng.TestNG.runSuitesLocally(TestNG.java:1109)
at org.testng.TestNG.runSuites(TestNG.java:1039)
at org.testng.TestNG.run(TestNG.java:1007)
at org.testng.remote.AbstractRemoteTestNG.run(AbstractRemoteTestNG.java:115)
at org.testng.remote.RemoteTestNG.initAndRun(RemoteTestNG.java:251)
at org.testng.remote.RemoteTestNG.main(RemoteTestNG.java:77)
]]>
            </full-stacktrace>
          </exception> <!-- org.openqa.selenium.NoSuchElementException -->
          <reporter-output>
            <line>
              <![CDATA[Element :[[ChromeDriver: chrome on WINDOWS (48ebf37f4b7638a702fc772d3c2417fe)] -> xpath: //div[@aria-controls='simple-menu']//div//div[2]//p]is displayed on screen]]>
            </line>
            <line>
              <![CDATA[Clicking on element userMenuAppBar]]>
            </line>
            <line>
              <![CDATA[<img src=D:\BuildPiper3.2_Rahul\Reports\28Dec_103911\buildPipelineandValidate_chrome\buildPipelineandValidate_chrome_362_Dec_103925.jpg alt='Lamp' width='500' height='400'>]]>
            </line>
            <line>
              <![CDATA[Element :[[ChromeDriver: chrome on WINDOWS (48ebf37f4b7638a702fc772d3c2417fe)] -> xpath: //p[@class='inactive-portal cursor-pointer']]is displayed on screen]]>
            </line>
            <line>
              <![CDATA[Clicking on element switching to user account]]>
            </line>
            <line>
              <![CDATA[<img src=D:\BuildPiper3.2_Rahul\Reports\28Dec_103911\buildPipelineandValidate_chrome\buildPipelineandValidate_chrome_362_Dec_103925.jpg alt='Lamp' width='500' height='400'>]]>
            </line>
            <line>
              <![CDATA[Element :[[ChromeDriver: chrome on WINDOWS (48ebf37f4b7638a702fc772d3c2417fe)] -> xpath: //li//button[contains(@class,'app-cluster-button')]//span[@title]]is displayed on screen]]>
            </line>
            <line>
              <![CDATA[Element is present :[[ChromeDriver: chrome on WINDOWS (48ebf37f4b7638a702fc772d3c2417fe)] -> xpath: //li//button[contains(@class,'app-cluster-button')]//span[@title]]]]>
            </line>
            <line>
              <![CDATA[<img src=D:\BuildPiper3.2_Rahul\Reports\28Dec_103911\buildPipelineandValidate_chrome\buildPipelineandValidate_chrome_362_Dec_103930.jpg alt='Lamp' width='500' height='400'>]]>
            </line>
            <line>
              <![CDATA[Element :[[ChromeDriver: chrome on WINDOWS (48ebf37f4b7638a702fc772d3c2417fe)] -> xpath: //button//div//span[@class='flaticon-expand-arrow']/../../..//div//button//p[text()='Pipeline Overview']]is displayed on screen]]>
            </line>
            <line>
              <![CDATA[Clicking on element Poc_QA pipelineOverviewLink]]>
            </line>
            <line>
              <![CDATA[<img src=D:\BuildPiper3.2_Rahul\Reports\28Dec_103911\buildPipelineandValidate_chrome\buildPipelineandValidate_chrome_362_Dec_103931.jpg alt='Lamp' width='500' height='400'>]]>
            </line>
            <line>
              <![CDATA[Element :[[ChromeDriver: chrome on WINDOWS (48ebf37f4b7638a702fc772d3c2417fe)] -> xpath: //a[contains(text(),'Add Pipeline')]]is displayed on screen]]>
            </line>
            <line>
              <![CDATA[ Element :Proxy element for: DefaultElementLocator 'By.xpath: //a[contains(text(),'Add Pipeline')]' is not clickable using selenium click]]>
            </line>
            <line>
              <![CDATA[<img src=D:\BuildPiper3.2_Rahul\Reports\28Dec_103911\buildPipelineandValidate_chrome\buildPipelineandValidate_chrome_362_Dec_103932.jpg alt='Lamp' width='500' height='400'>]]>
            </line>
            <line>
              <![CDATA[Clicking on element clicks on add pipeline button]]>
            </line>
            <line>
              <![CDATA[<img src=D:\BuildPiper3.2_Rahul\Reports\28Dec_103911\buildPipelineandValidate_chrome\buildPipelineandValidate_chrome_362_Dec_103932.jpg alt='Lamp' width='500' height='400'>]]>
            </line>
            <line>
              <![CDATA[Element :[[ChromeDriver: chrome on WINDOWS (48ebf37f4b7638a702fc772d3c2417fe)] -> xpath: //div//input[@name='name' and @placeholder='Give a name to the pipeline']]is displayed on screen]]>
            </line>
            <line>
              <![CDATA[Setting value on element Gives unique name to pipeline]]>
            </line>
            <line>
              <![CDATA[<img src=D:\BuildPiper3.2_Rahul\Reports\28Dec_103911\buildPipelineandValidate_chrome\buildPipelineandValidate_chrome_362_Dec_103934.jpg alt='Lamp' width='500' height='400'>]]>
            </line>
            <line>
              <![CDATA[Element :[[ChromeDriver: chrome on WINDOWS (48ebf37f4b7638a702fc772d3c2417fe)] -> xpath: //input[@name='retention_execution_count' and @placeholder='Retention Count']]is displayed on screen]]>
            </line>
            <line>
              <![CDATA[Element :[[ChromeDriver: chrome on WINDOWS (48ebf37f4b7638a702fc772d3c2417fe)] -> xpath: //button[contains(@class,'btn-save btn')][text()='Save']]is displayed on screen]]>
            </line>
            <line>
              <![CDATA[ Element :Proxy element for: DefaultElementLocator 'By.xpath: //button[contains(@class,'btn-save btn')][text()='Save']' is not clickable using selenium click]]>
            </line>
            <line>
              <![CDATA[<img src=D:\BuildPiper3.2_Rahul\Reports\28Dec_103911\buildPipelineandValidate_chrome\buildPipelineandValidate_chrome_362_Dec_103943.jpg alt='Lamp' width='500' height='400'>]]>
            </line>
            <line>
              <![CDATA[Clicking on element clicks on save pipeline button]]>
            </line>
            <line>
              <![CDATA[<img src=D:\BuildPiper3.2_Rahul\Reports\28Dec_103911\buildPipelineandValidate_chrome\buildPipelineandValidate_chrome_362_Dec_103943.jpg alt='Lamp' width='500' height='400'>]]>
            </line>
            <line>
              <![CDATA[Element :[[ChromeDriver: chrome on WINDOWS (48ebf37f4b7638a702fc772d3c2417fe)] -> xpath: //button//div//span[@class='flaticon-expand-arrow']/../../..//div//button//p[text()='Pipeline Overview']]is displayed on screen]]>
            </line>
            <line>
              <![CDATA[Clicking on element Poc_QA pipelineOverviewLink]]>
            </line>
            <line>
              <![CDATA[<img src=D:\BuildPiper3.2_Rahul\Reports\28Dec_103911\buildPipelineandValidate_chrome\buildPipelineandValidate_chrome_362_Dec_103948.jpg alt='Lamp' width='500' height='400'>]]>
            </line>
            <line>
              <![CDATA[Element :[[ChromeDriver: chrome on WINDOWS (48ebf37f4b7638a702fc772d3c2417fe)] -> xpath: (//*[contains(@class,'ad-more-search mb-')]/div/div//*[@class='MuiSvgIcon-root'])[1]]is displayed on screen]]>
            </line>
            <line>
              <![CDATA[Element is present :[[ChromeDriver: chrome on WINDOWS (48ebf37f4b7638a702fc772d3c2417fe)] -> xpath: (//*[contains(@class,'ad-more-search mb-')]/div/div//*[@class='MuiSvgIcon-root'])[1]]]]>
            </line>
            <line>
              <![CDATA[<img src=D:\BuildPiper3.2_Rahul\Reports\28Dec_103911\buildPipelineandValidate_chrome\buildPipelineandValidate_chrome_362_Dec_103952.jpg alt='Lamp' width='500' height='400'>]]>
            </line>
            <line>
              <![CDATA[Element :[[ChromeDriver: chrome on WINDOWS (48ebf37f4b7638a702fc772d3c2417fe)] -> xpath: (//*[contains(@class,'ad-more-search mb-')]/div/div//*[@class='MuiSvgIcon-root'])[1]]is displayed on screen]]>
            </line>
            <line>
              <![CDATA[Clicking on element searchDropDown]]>
            </line>
            <line>
              <![CDATA[<img src=D:\BuildPiper3.2_Rahul\Reports\28Dec_103911\buildPipelineandValidate_chrome\buildPipelineandValidate_chrome_362_Dec_103953.jpg alt='Lamp' width='500' height='400'>]]>
            </line>
            <line>
              <![CDATA[Element :[[ChromeDriver: chrome on WINDOWS (48ebf37f4b7638a702fc772d3c2417fe)] -> xpath: //input[@class='search-input-si']]is displayed on screen]]>
            </line>
            <line>
              <![CDATA[Clicking on element searchPipelineCheckbox]]>
            </line>
            <line>
              <![CDATA[<img src=D:\BuildPiper3.2_Rahul\Reports\28Dec_103911\buildPipelineandValidate_chrome\buildPipelineandValidate_chrome_362_Dec_104023.jpg alt='Lamp' width='500' height='400'>]]>
            </line>
            <line>
              <![CDATA[Element :[[ChromeDriver: chrome on WINDOWS (48ebf37f4b7638a702fc772d3c2417fe)] -> xpath: //span[@title='Edit Pipeline']/a]is displayed on screen]]>
            </line>
            <line>
              <![CDATA[Clicking on element clicks on edit pipeline Link]]>
            </line>
            <line>
              <![CDATA[<img src=D:\BuildPiper3.2_Rahul\Reports\28Dec_103911\buildPipelineandValidate_chrome\buildPipelineandValidate_chrome_362_Dec_104034.jpg alt='Lamp' width='500' height='400'>]]>
            </line>
            <line>
              <![CDATA[Element :[[ChromeDriver: chrome on WINDOWS (48ebf37f4b7638a702fc772d3c2417fe)] -> xpath: //button//div[@class='text-btn'][text()='Add New Stage']]is displayed on screen]]>
            </line>
            <line>
              <![CDATA[Clicking on element adds first stage]]>
            </line>
            <line>
              <![CDATA[<img src=D:\BuildPiper3.2_Rahul\Reports\28Dec_103911\buildPipelineandValidate_chrome\buildPipelineandValidate_chrome_362_Dec_104038.jpg alt='Lamp' width='500' height='400'>]]>
            </line>
            <line>
              <![CDATA[Element :[[ChromeDriver: chrome on WINDOWS (48ebf37f4b7638a702fc772d3c2417fe)] -> xpath: //input[@name='name' and @placeholder='Stage name goes here']]is displayed on screen]]>
            </line>
            <line>
              <![CDATA[Element is present :[[ChromeDriver: chrome on WINDOWS (48ebf37f4b7638a702fc772d3c2417fe)] -> xpath: //input[@name='name' and @placeholder='Stage name goes here']]]]>
            </line>
            <line>
              <![CDATA[<img src=D:\BuildPiper3.2_Rahul\Reports\28Dec_103911\buildPipelineandValidate_chrome\buildPipelineandValidate_chrome_362_Dec_104039.jpg alt='Lamp' width='500' height='400'>]]>
            </line>
            <line>
              <![CDATA[Element :[[ChromeDriver: chrome on WINDOWS (48ebf37f4b7638a702fc772d3c2417fe)] -> xpath: //input[@name='name' and @placeholder='Stage name goes here']]is displayed on screen]]>
            </line>
            <line>
              <![CDATA[Setting value on element sets first stage name]]>
            </line>
            <line>
              <![CDATA[<img src=D:\BuildPiper3.2_Rahul\Reports\28Dec_103911\buildPipelineandValidate_chrome\buildPipelineandValidate_chrome_362_Dec_104039.jpg alt='Lamp' width='500' height='400'>]]>
            </line>
            <line>
              <![CDATA[Element :[[ChromeDriver: chrome on WINDOWS (48ebf37f4b7638a702fc772d3c2417fe)] -> xpath: //div[@class='btn btn-add'][text()='ADD']]is displayed on screen]]>
            </line>
            <line>
              <![CDATA[Clicking on element adds button for first stage]]>
            </line>
            <line>
              <![CDATA[<img src=D:\BuildPiper3.2_Rahul\Reports\28Dec_103911\buildPipelineandValidate_chrome\buildPipelineandValidate_chrome_362_Dec_104044.jpg alt='Lamp' width='500' height='400'>]]>
            </line>
            <line>
              <![CDATA[Element :[[ChromeDriver: chrome on WINDOWS (48ebf37f4b7638a702fc772d3c2417fe)] -> xpath: //div[@class='text-btn'][text()='Add New Job ']]is displayed on screen]]>
            </line>
            <line>
              <![CDATA[Element is present :[[ChromeDriver: chrome on WINDOWS (48ebf37f4b7638a702fc772d3c2417fe)] -> xpath: //div[@class='text-btn'][text()='Add New Job ']]]]>
            </line>
            <line>
              <![CDATA[<img src=D:\BuildPiper3.2_Rahul\Reports\28Dec_103911\buildPipelineandValidate_chrome\buildPipelineandValidate_chrome_362_Dec_104045.jpg alt='Lamp' width='500' height='400'>]]>
            </line>
            <line>
              <![CDATA[Element :[[ChromeDriver: chrome on WINDOWS (48ebf37f4b7638a702fc772d3c2417fe)] -> xpath: //div[@class='text-btn'][text()='Add New Job ']]is displayed on screen]]>
            </line>
            <line>
              <![CDATA[Element is present :[[ChromeDriver: chrome on WINDOWS (48ebf37f4b7638a702fc772d3c2417fe)] -> xpath: //div[@class='text-btn'][text()='Add New Job ']]]]>
            </line>
            <line>
              <![CDATA[<img src=D:\BuildPiper3.2_Rahul\Reports\28Dec_103911\buildPipelineandValidate_chrome\buildPipelineandValidate_chrome_362_Dec_104045.jpg alt='Lamp' width='500' height='400'>]]>
            </line>
            <line>
              <![CDATA[Element :[[ChromeDriver: chrome on WINDOWS (48ebf37f4b7638a702fc772d3c2417fe)] -> xpath: //div[@class='text-btn'][text()='Add New Job ']]is displayed on screen]]>
            </line>
            <line>
              <![CDATA[Clicking on element clicks on new job]]>
            </line>
            <line>
              <![CDATA[<img src=D:\BuildPiper3.2_Rahul\Reports\28Dec_103911\buildPipelineandValidate_chrome\buildPipelineandValidate_chrome_362_Dec_104045.jpg alt='Lamp' width='500' height='400'>]]>
            </line>
            <line>
              <![CDATA[Element :[[ChromeDriver: chrome on WINDOWS (48ebf37f4b7638a702fc772d3c2417fe)] -> xpath: //select[@name='task_type' and @class='select']]is displayed on screen]]>
            </line>
            <line>
              <![CDATA[Element is present :[[ChromeDriver: chrome on WINDOWS (48ebf37f4b7638a702fc772d3c2417fe)] -> xpath: //select[@name='task_type' and @class='select']]]]>
            </line>
            <line>
              <![CDATA[<img src=D:\BuildPiper3.2_Rahul\Reports\28Dec_103911\buildPipelineandValidate_chrome\buildPipelineandValidate_chrome_362_Dec_104045.jpg alt='Lamp' width='500' height='400'>]]>
            </line>
            <line>
              <![CDATA[Element :[[ChromeDriver: chrome on WINDOWS (48ebf37f4b7638a702fc772d3c2417fe)] -> xpath: //span[text()='automation-682046mu117xjpt']]is displayed on screen]]>
            </line>
            <line>
              <![CDATA[Element is present :[[ChromeDriver: chrome on WINDOWS (48ebf37f4b7638a702fc772d3c2417fe)] -> xpath: //span[text()='automation-682046mu117xjpt']]]]>
            </line>
            <line>
              <![CDATA[<img src=D:\BuildPiper3.2_Rahul\Reports\28Dec_103911\buildPipelineandValidate_chrome\buildPipelineandValidate_chrome_362_Dec_104047.jpg alt='Lamp' width='500' height='400'>]]>
            </line>
            <line>
              <![CDATA[Element :[[ChromeDriver: chrome on WINDOWS (48ebf37f4b7638a702fc772d3c2417fe)] -> xpath: //span[text()='automation-682046mu117xjpt']]is displayed on screen]]>
            </line>
            <line>
              <![CDATA[Clicking on element selects service component under the env]]>
            </line>
            <line>
              <![CDATA[<img src=D:\BuildPiper3.2_Rahul\Reports\28Dec_103911\buildPipelineandValidate_chrome\buildPipelineandValidate_chrome_362_Dec_104047.jpg alt='Lamp' width='500' height='400'>]]>
            </line>
            <line>
              <![CDATA[Element :[[ChromeDriver: chrome on WINDOWS (48ebf37f4b7638a702fc772d3c2417fe)] -> xpath: //input[@name='open']/following-sibling::span[2]]is displayed on screen]]>
            </line>
            <line>
              <![CDATA[Clicking on element conditionalRule]]>
            </line>
            <line>
              <![CDATA[<img src=D:\BuildPiper3.2_Rahul\Reports\28Dec_103911\buildPipelineandValidate_chrome\buildPipelineandValidate_chrome_362_Dec_104047.jpg alt='Lamp' width='500' height='400'>]]>
            </line>
            <line>
              <![CDATA[Element :[[ChromeDriver: chrome on WINDOWS (48ebf37f4b7638a702fc772d3c2417fe)] -> xpath: //span[text()='Add Conditions']]is displayed on screen]]>
            </line>
            <line>
              <![CDATA[Clicking on element addConditionButton]]>
            </line>
            <line>
              <![CDATA[<img src=D:\BuildPiper3.2_Rahul\Reports\28Dec_103911\buildPipelineandValidate_chrome\buildPipelineandValidate_chrome_362_Dec_104048.jpg alt='Lamp' width='500' height='400'>]]>
            </line>
            <line>
              <![CDATA[Element :[[ChromeDriver: chrome on WINDOWS (48ebf37f4b7638a702fc772d3c2417fe)] -> xpath: //div[@class='btn btn-add'][text()='ADD']]is displayed on screen]]>
            </line>
            <line>
              <![CDATA[Clicking on element clicks add stage btn]]>
            </line>
            <line>
              <![CDATA[<img src=D:\BuildPiper3.2_Rahul\Reports\28Dec_103911\buildPipelineandValidate_chrome\buildPipelineandValidate_chrome_362_Dec_104048.jpg alt='Lamp' width='500' height='400'>]]>
            </line>
            <line>
              <![CDATA[Element :[[ChromeDriver: chrome on WINDOWS (48ebf37f4b7638a702fc772d3c2417fe)] -> xpath: //button[contains(@class,'btn-save')]]is displayed on screen]]>
            </line>
            <line>
              <![CDATA[Element is present :[[ChromeDriver: chrome on WINDOWS (48ebf37f4b7638a702fc772d3c2417fe)] -> xpath: //button[contains(@class,'btn-save')]]]]>
            </line>
            <line>
              <![CDATA[<img src=D:\BuildPiper3.2_Rahul\Reports\28Dec_103911\buildPipelineandValidate_chrome\buildPipelineandValidate_chrome_362_Dec_104051.jpg alt='Lamp' width='500' height='400'>]]>
            </line>
            <line>
              <![CDATA[Element :[[ChromeDriver: chrome on WINDOWS (48ebf37f4b7638a702fc772d3c2417fe)] -> xpath: //button[contains(@class,'btn-save')]]is displayed on screen]]>
            </line>
            <line>
              <![CDATA[Clicking on element clicks save workflow btn]]>
            </line>
            <line>
              <![CDATA[<img src=D:\BuildPiper3.2_Rahul\Reports\28Dec_103911\buildPipelineandValidate_chrome\buildPipelineandValidate_chrome_362_Dec_104052.jpg alt='Lamp' width='500' height='400'>]]>
            </line>
            <line>
              <![CDATA[Element :[[ChromeDriver: chrome on WINDOWS (48ebf37f4b7638a702fc772d3c2417fe)] -> xpath: //button//div//span[@class='flaticon-expand-arrow']/../../..//div//button//p[text()='Pipeline Overview']]is displayed on screen]]>
            </line>
            <line>
              <![CDATA[Clicking on element Poc_QA pipelineOverviewLink]]>
            </line>
            <line>
              <![CDATA[<img src=D:\BuildPiper3.2_Rahul\Reports\28Dec_103911\buildPipelineandValidate_chrome\buildPipelineandValidate_chrome_362_Dec_104102.jpg alt='Lamp' width='500' height='400'>]]>
            </line>
            <line>
              <![CDATA[Element :[[ChromeDriver: chrome on WINDOWS (48ebf37f4b7638a702fc772d3c2417fe)] -> xpath: (//*[contains(@class,'ad-more-search mb-')]/div/div//*[@class='MuiSvgIcon-root'])[1]]is displayed on screen]]>
            </line>
            <line>
              <![CDATA[Element is present :[[ChromeDriver: chrome on WINDOWS (48ebf37f4b7638a702fc772d3c2417fe)] -> xpath: (//*[contains(@class,'ad-more-search mb-')]/div/div//*[@class='MuiSvgIcon-root'])[1]]]]>
            </line>
            <line>
              <![CDATA[<img src=D:\BuildPiper3.2_Rahul\Reports\28Dec_103911\buildPipelineandValidate_chrome\buildPipelineandValidate_chrome_362_Dec_104105.jpg alt='Lamp' width='500' height='400'>]]>
            </line>
            <line>
              <![CDATA[Element :[[ChromeDriver: chrome on WINDOWS (48ebf37f4b7638a702fc772d3c2417fe)] -> xpath: (//*[contains(@class,'ad-more-search mb-')]/div/div//*[@class='MuiSvgIcon-root'])[1]]is displayed on screen]]>
            </line>
            <line>
              <![CDATA[Clicking on element searchDropDown]]>
            </line>
            <line>
              <![CDATA[<img src=D:\BuildPiper3.2_Rahul\Reports\28Dec_103911\buildPipelineandValidate_chrome\buildPipelineandValidate_chrome_362_Dec_104105.jpg alt='Lamp' width='500' height='400'>]]>
            </line>
            <line>
              <![CDATA[Element :[[ChromeDriver: chrome on WINDOWS (48ebf37f4b7638a702fc772d3c2417fe)] -> xpath: //input[@class='search-input-si']]is displayed on screen]]>
            </line>
            <line>
              <![CDATA[Clicking on element searchPipelineCheckbox]]>
            </line>
            <line>
              <![CDATA[<img src=D:\BuildPiper3.2_Rahul\Reports\28Dec_103911\buildPipelineandValidate_chrome\buildPipelineandValidate_chrome_362_Dec_104136.jpg alt='Lamp' width='500' height='400'>]]>
            </line>
            <line>
              <![CDATA[Element :[[ChromeDriver: chrome on WINDOWS (48ebf37f4b7638a702fc772d3c2417fe)] -> xpath: //span[@title='Run Pipeline']/button]is displayed on screen]]>
            </line>
            <line>
              <![CDATA[Element is present :[[ChromeDriver: chrome on WINDOWS (48ebf37f4b7638a702fc772d3c2417fe)] -> xpath: //span[@title='Run Pipeline']/button]]]>
            </line>
            <line>
              <![CDATA[<img src=D:\BuildPiper3.2_Rahul\Reports\28Dec_103911\buildPipelineandValidate_chrome\buildPipelineandValidate_chrome_362_Dec_104152.jpg alt='Lamp' width='500' height='400'>]]>
            </line>
            <line>
              <![CDATA[Element :[[ChromeDriver: chrome on WINDOWS (48ebf37f4b7638a702fc772d3c2417fe)] -> xpath: //span[@title='Run Pipeline']/button]is displayed on screen]]>
            </line>
            <line>
              <![CDATA[Clicking on element pipeline execution Start]]>
            </line>
            <line>
              <![CDATA[<img src=D:\BuildPiper3.2_Rahul\Reports\28Dec_103911\buildPipelineandValidate_chrome\buildPipelineandValidate_chrome_362_Dec_104152.jpg alt='Lamp' width='500' height='400'>]]>
            </line>
            <line>
              <![CDATA[Element :[[ChromeDriver: chrome on WINDOWS (48ebf37f4b7638a702fc772d3c2417fe)] -> xpath: //a[contains(text(),'BasicPipeline')]]is displayed on screen]]>
            </line>
            <line>
              <![CDATA[Element is present :[[ChromeDriver: chrome on WINDOWS (48ebf37f4b7638a702fc772d3c2417fe)] -> xpath: //a[contains(text(),'BasicPipeline')]]]]>
            </line>
            <line>
              <![CDATA[<img src=D:\BuildPiper3.2_Rahul\Reports\28Dec_103911\buildPipelineandValidate_chrome\buildPipelineandValidate_chrome_362_Dec_104154.jpg alt='Lamp' width='500' height='400'>]]>
            </line>
            <line>
              <![CDATA[Element :[[ChromeDriver: chrome on WINDOWS (48ebf37f4b7638a702fc772d3c2417fe)] -> xpath: //a[contains(text(),'BasicPipeline')]]is displayed on screen]]>
            </line>
            <line>
              <![CDATA[Clicking on element clicks pipeline hyperlink]]>
            </line>
            <line>
              <![CDATA[<img src=D:\BuildPiper3.2_Rahul\Reports\28Dec_103911\buildPipelineandValidate_chrome\buildPipelineandValidate_chrome_362_Dec_104155.jpg alt='Lamp' width='500' height='400'>]]>
            </line>
            <line>
              <![CDATA[Result upload to testlink is disabled, Please ensure you have 'UpdateTestLink=Yes' in project.properties ]]>
            </line>
            <line>
              <![CDATA[####### End of Test Case: buildPipelineandValidate #######]]>
            </line>
          </reporter-output>
        </test-method> <!-- buildPipelineandValidate -->
        <test-method is-config="true" signature="StopDriver()[pri:0, instance:com.buildpiper.testcases.BuildPiperTestcasesExecution@1f6c9cd8]" started-at="2023-12-28T10:41:57 IST" name="StopDriver" finished-at="2023-12-28T10:41:57 IST" duration-ms="373" status="PASS">
          <reporter-output>
          </reporter-output>
        </test-method> <!-- StopDriver -->
        <test-method is-config="true" signature="getResult(org.testng.ITestResult)[pri:0, instance:com.buildpiper.testcases.BuildPiperTestcasesExecution@1f6c9cd8]" started-at="2023-12-28T10:41:57 IST" name="getResult" finished-at="2023-12-28T10:41:57 IST" duration-ms="240" status="PASS">
          <params>
            <param index="0">
              <value>
                <![CDATA[[TestResult name=buildPipelineandValidate status=FAILURE method=BuildPiperTestcasesExecution.buildPipelineandValidate()[pri:1, instance:com.buildpiper.testcases.BuildPiperTestcasesExecution@1f6c9cd8] output=Element :[[ChromeDriver: chrome on WINDOWS (48ebf37f4b7638a702fc772d3c2417fe)] -> xpath: //div[@aria-controls='simple-menu']//div//div[2]//p]is displayed on screen]]]>
              </value>
            </param>
          </params>
          <reporter-output>
          </reporter-output>
        </test-method> <!-- getResult -->
        <test-method is-config="true" signature="tearDown()[pri:0, instance:com.buildpiper.testcases.BuildPiperTestcasesExecution@1f6c9cd8]" started-at="2023-12-28T10:41:57 IST" name="tearDown" finished-at="2023-12-28T10:41:57 IST" duration-ms="0" status="PASS">
          <reporter-output>
          </reporter-output>
        </test-method> <!-- tearDown -->
      </class> <!-- com.buildpiper.testcases.BuildPiperTestcasesExecution -->
    </test> <!-- Default test -->
  </suite> <!-- Default suite -->
</testng-results>
